<?xml version="1.0" encoding="UTF-8"?>
<!-- Generated by org.testng.reporters.JUnitReportReporter -->
<testsuite skipped="0" hostname="hp-PC" name="com.yourlogo.testcases.RegestrationPageTest" tests="2" failures="0" timestamp="20 Jan 2019 19:22:02 GMT" time="99.070" errors="0">
  <testcase name="verifyReadDatafromExcel" time="50.109" classname="com.yourlogo.testcases.RegestrationPageTest"/>
  <testcase name="verifyReadDatafromExcel" time="48.961" classname="com.yourlogo.testcases.RegestrationPageTest"/>
</testsuite> <!-- com.yourlogo.testcases.RegestrationPageTest -->
