<?xml version="1.0" encoding="UTF-8"?>
<!-- Generated by org.testng.reporters.JUnitReportReporter -->
<testsuite skipped="0" hostname="hp-PC" name="com.yourlogo.testcases.QuickViewTest" tests="1" failures="0" timestamp="09 Dec 2018 14:50:55 GMT" time="84.207" errors="0">
  <testcase name="VerifyProductAddtoCartTest" time="84.207" classname="com.yourlogo.testcases.QuickViewTest"/>
</testsuite> <!-- com.yourlogo.testcases.QuickViewTest -->
