<?xml version="1.0" encoding="UTF-8"?>
<!-- Generated by org.testng.reporters.JUnitReportReporter -->
<testsuite skipped="0" hostname="hp-PC" name="com.yourlogo.testcases.HomePageTest" tests="3" failures="0" timestamp="09 Dec 2018 14:50:55 GMT" time="164.867" errors="0">
  <testcase name="VerifyHomePageLogotest" time="57.262" classname="com.yourlogo.testcases.HomePageTest"/>
  <testcase name="VerifyHomePageSignInbuttonTest" time="63.034" classname="com.yourlogo.testcases.HomePageTest"/>
  <testcase name="VerifyHomePagetitletest" time="44.571" classname="com.yourlogo.testcases.HomePageTest"/>
</testsuite> <!-- com.yourlogo.testcases.HomePageTest -->
