<?xml version="1.0" encoding="UTF-8"?>
<!-- Generated by org.testng.reporters.JUnitReportReporter -->
<testsuite skipped="0" hostname="hp-PC" name="com.yourlogo.testcases.NewCustomerTest" tests="1" failures="0" timestamp="09 Dec 2018 14:50:55 GMT" time="72.759" errors="0">
  <testcase name="VerifyRegistrationMandatoryFieldsTest" time="72.759" classname="com.yourlogo.testcases.NewCustomerTest"/>
</testsuite> <!-- com.yourlogo.testcases.NewCustomerTest -->
