<?xml version="1.0" encoding="UTF-8"?>
<!-- Generated by org.testng.reporters.JUnitReportReporter -->
<testsuite skipped="1" hostname="hp-PC" name="com.yourlogo.testcases.CartPageTest" tests="3" failures="0" timestamp="04 Jan 2019 16:15:13 GMT" time="131.057" errors="0">
  <testcase name="DeleteProductTest" time="92.618" classname="com.yourlogo.testcases.CartPageTest"/>
  <testcase name="VerifyContinueShopping" time="38.439" classname="com.yourlogo.testcases.CartPageTest"/>
  <testcase name="VerifyCartPagetitleTest" classname="com.yourlogo.testcases.CartPageTest">
    <skipped/>
  </testcase> <!-- VerifyCartPagetitleTest -->
</testsuite> <!-- com.yourlogo.testcases.CartPageTest -->
